Build started 3/8/2021 2:49:59 PM.
     1>Project "C:\Users\user\documents\visual studio 2010\Projects\my_report_card\my_report_card\my_report_card.vcxproj" on node 2 (build target(s)).
     1>InitializeBuildStatus:
         Creating "Debug\my_report_card.unsuccessfulbuild" because "AlwaysCreate" was specified.
       ClCompile:
         C:\Program Files (x86)\Microsoft Visual Studio 10.0\VC\bin\CL.exe /c /ZI /nologo /W3 /WX- /Od /Oy- /D WIN32 /D _DEBUG /D _CONSOLE /D _UNICODE /D UNICODE /Gm /EHsc /RTC1 /MDd /GS /fp:precise /Zc:wchar_t /Zc:forScope /Fo"Debug\\" /Fd"Debug\vc100.pdb" /Gd /TP /analyze- /errorReport:prompt my_func.cpp my_repo_BODY.cpp
         my_repo_BODY.cpp
         my_func.cpp
         Generating Code...
       ManifestResourceCompile:
         All outputs are up-to-date.
       Link:
         C:\Program Files (x86)\Microsoft Visual Studio 10.0\VC\bin\link.exe /ERRORREPORT:PROMPT /OUT:"C:\Users\user\documents\visual studio 2010\Projects\my_report_card\Debug\my_report_card.exe" /INCREMENTAL /NOLOGO kernel32.lib user32.lib gdi32.lib winspool.lib comdlg32.lib advapi32.lib shell32.lib ole32.lib oleaut32.lib uuid.lib odbc32.lib odbccp32.lib /MANIFEST /ManifestFile:"Debug\my_report_card.exe.intermediate.manifest" /MANIFESTUAC:"level='asInvoker' uiAccess='false'" /DEBUG /PDB:"C:\Users\user\documents\visual studio 2010\Projects\my_report_card\Debug\my_report_card.pdb" /SUBSYSTEM:CONSOLE /TLBID:1 /DYNAMICBASE /NXCOMPAT /IMPLIB:"C:\Users\user\documents\visual studio 2010\Projects\my_report_card\Debug\my_report_card.lib" /MACHINE:X86 Debug\my_report_card.exe.embed.manifest.res
         Debug\my_func.obj
         Debug\my_repo_BODY.obj
       Manifest:
         C:\Program Files (x86)\Microsoft SDKs\Windows\v7.0A\bin\mt.exe /nologo /verbose /out:"Debug\my_report_card.exe.embed.manifest" /manifest Debug\my_report_card.exe.intermediate.manifest
         All outputs are up-to-date.
       LinkEmbedManifest:
         All outputs are up-to-date.
         my_report_card.vcxproj -> C:\Users\user\documents\visual studio 2010\Projects\my_report_card\Debug\my_report_card.exe
       FinalizeBuildStatus:
         Deleting file "Debug\my_report_card.unsuccessfulbuild".
         Touching "Debug\my_report_card.lastbuildstate".
     1>Done Building Project "C:\Users\user\documents\visual studio 2010\Projects\my_report_card\my_report_card\my_report_card.vcxproj" (build target(s)).

Build succeeded.

Time Elapsed 00:00:02.72
